Determining if the pthread_create exist failed with the following output:
Change Dir: /home/lokalmatador/Work/ROS/squirrel_ws/src/squirrel_driver/squirrel_control/cmake-build-debug/CMakeFiles/CMakeTmp

Run Build Command:"/usr/bin/make" "cmTC_e64bb/fast"
/usr/bin/make -f CMakeFiles/cmTC_e64bb.dir/build.make CMakeFiles/cmTC_e64bb.dir/build
make[1]: Entering directory `/home/lokalmatador/Work/ROS/squirrel_ws/src/squirrel_driver/squirrel_control/cmake-build-debug/CMakeFiles/CMakeTmp'
Building C object CMakeFiles/cmTC_e64bb.dir/CheckSymbolExists.c.o
/usr/bin/cc     -o CMakeFiles/cmTC_e64bb.dir/CheckSymbolExists.c.o   -c /home/lokalmatador/Work/ROS/squirrel_ws/src/squirrel_driver/squirrel_control/cmake-build-debug/CMakeFiles/CMakeTmp/CheckSymbolExists.c
Linking C executable cmTC_e64bb
/opt/clion-2017.1/bin/cmake/bin/cmake -E cmake_link_script CMakeFiles/cmTC_e64bb.dir/link.txt --verbose=1
/usr/bin/cc       CMakeFiles/cmTC_e64bb.dir/CheckSymbolExists.c.o  -o cmTC_e64bb -rdynamic 
CMakeFiles/cmTC_e64bb.dir/CheckSymbolExists.c.o: In function `main':
CheckSymbolExists.c:(.text+0x16): undefined reference to `pthread_create'
collect2: error: ld returned 1 exit status
make[1]: *** [cmTC_e64bb] Error 1
make[1]: Leaving directory `/home/lokalmatador/Work/ROS/squirrel_ws/src/squirrel_driver/squirrel_control/cmake-build-debug/CMakeFiles/CMakeTmp'
make: *** [cmTC_e64bb/fast] Error 2

File /home/lokalmatador/Work/ROS/squirrel_ws/src/squirrel_driver/squirrel_control/cmake-build-debug/CMakeFiles/CMakeTmp/CheckSymbolExists.c:
/* */
#include <pthread.h>

int main(int argc, char** argv)
{
  (void)argv;
#ifndef pthread_create
  return ((int*)(&pthread_create))[argc];
#else
  (void)argc;
  return 0;
#endif
}

Determining if the function pthread_create exists in the pthreads failed with the following output:
Change Dir: /home/lokalmatador/Work/ROS/squirrel_ws/src/squirrel_driver/squirrel_control/cmake-build-debug/CMakeFiles/CMakeTmp

Run Build Command:"/usr/bin/make" "cmTC_9ef9f/fast"
/usr/bin/make -f CMakeFiles/cmTC_9ef9f.dir/build.make CMakeFiles/cmTC_9ef9f.dir/build
make[1]: Entering directory `/home/lokalmatador/Work/ROS/squirrel_ws/src/squirrel_driver/squirrel_control/cmake-build-debug/CMakeFiles/CMakeTmp'
Building C object CMakeFiles/cmTC_9ef9f.dir/CheckFunctionExists.c.o
/usr/bin/cc    -DCHECK_FUNCTION_EXISTS=pthread_create   -o CMakeFiles/cmTC_9ef9f.dir/CheckFunctionExists.c.o   -c /opt/clion-2017.1/bin/cmake/share/cmake-3.7/Modules/CheckFunctionExists.c
Linking C executable cmTC_9ef9f
/opt/clion-2017.1/bin/cmake/bin/cmake -E cmake_link_script CMakeFiles/cmTC_9ef9f.dir/link.txt --verbose=1
/usr/bin/cc   -DCHECK_FUNCTION_EXISTS=pthread_create    CMakeFiles/cmTC_9ef9f.dir/CheckFunctionExists.c.o  -o cmTC_9ef9f -rdynamic -lpthreads 
/usr/bin/ld: cannot find -lpthreads
collect2: error: ld returned 1 exit status
make[1]: *** [cmTC_9ef9f] Error 1
make[1]: Leaving directory `/home/lokalmatador/Work/ROS/squirrel_ws/src/squirrel_driver/squirrel_control/cmake-build-debug/CMakeFiles/CMakeTmp'
make: *** [cmTC_9ef9f/fast] Error 2


