Determining if the pthread_create exist failed with the following output:
Change Dir: /home/lokalmatador/Work/ROS/squirrel_ws/src/squirrel_driver/squirrel_robot_driver/cmake-build-debug/CMakeFiles/CMakeTmp

Run Build Command:"/usr/bin/make" "cmTC_95356/fast"
/usr/bin/make -f CMakeFiles/cmTC_95356.dir/build.make CMakeFiles/cmTC_95356.dir/build
make[1]: Entering directory `/home/lokalmatador/Work/ROS/squirrel_ws/src/squirrel_driver/squirrel_robot_driver/cmake-build-debug/CMakeFiles/CMakeTmp'
Building C object CMakeFiles/cmTC_95356.dir/CheckSymbolExists.c.o
/usr/bin/cc     -o CMakeFiles/cmTC_95356.dir/CheckSymbolExists.c.o   -c /home/lokalmatador/Work/ROS/squirrel_ws/src/squirrel_driver/squirrel_robot_driver/cmake-build-debug/CMakeFiles/CMakeTmp/CheckSymbolExists.c
Linking C executable cmTC_95356
/opt/clion-2017.1/bin/cmake/bin/cmake -E cmake_link_script CMakeFiles/cmTC_95356.dir/link.txt --verbose=1
/usr/bin/cc       CMakeFiles/cmTC_95356.dir/CheckSymbolExists.c.o  -o cmTC_95356 -rdynamic 
CMakeFiles/cmTC_95356.dir/CheckSymbolExists.c.o: In function `main':
CheckSymbolExists.c:(.text+0x16): undefined reference to `pthread_create'
collect2: error: ld returned 1 exit status
make[1]: *** [cmTC_95356] Error 1
make[1]: Leaving directory `/home/lokalmatador/Work/ROS/squirrel_ws/src/squirrel_driver/squirrel_robot_driver/cmake-build-debug/CMakeFiles/CMakeTmp'
make: *** [cmTC_95356/fast] Error 2

File /home/lokalmatador/Work/ROS/squirrel_ws/src/squirrel_driver/squirrel_robot_driver/cmake-build-debug/CMakeFiles/CMakeTmp/CheckSymbolExists.c:
/* */
#include <pthread.h>

int main(int argc, char** argv)
{
  (void)argv;
#ifndef pthread_create
  return ((int*)(&pthread_create))[argc];
#else
  (void)argc;
  return 0;
#endif
}

Determining if the function pthread_create exists in the pthreads failed with the following output:
Change Dir: /home/lokalmatador/Work/ROS/squirrel_ws/src/squirrel_driver/squirrel_robot_driver/cmake-build-debug/CMakeFiles/CMakeTmp

Run Build Command:"/usr/bin/make" "cmTC_2c6fb/fast"
/usr/bin/make -f CMakeFiles/cmTC_2c6fb.dir/build.make CMakeFiles/cmTC_2c6fb.dir/build
make[1]: Entering directory `/home/lokalmatador/Work/ROS/squirrel_ws/src/squirrel_driver/squirrel_robot_driver/cmake-build-debug/CMakeFiles/CMakeTmp'
Building C object CMakeFiles/cmTC_2c6fb.dir/CheckFunctionExists.c.o
/usr/bin/cc    -DCHECK_FUNCTION_EXISTS=pthread_create   -o CMakeFiles/cmTC_2c6fb.dir/CheckFunctionExists.c.o   -c /opt/clion-2017.1/bin/cmake/share/cmake-3.7/Modules/CheckFunctionExists.c
Linking C executable cmTC_2c6fb
/opt/clion-2017.1/bin/cmake/bin/cmake -E cmake_link_script CMakeFiles/cmTC_2c6fb.dir/link.txt --verbose=1
/usr/bin/cc   -DCHECK_FUNCTION_EXISTS=pthread_create    CMakeFiles/cmTC_2c6fb.dir/CheckFunctionExists.c.o  -o cmTC_2c6fb -rdynamic -lpthreads 
/usr/bin/ld: cannot find -lpthreads
collect2: error: ld returned 1 exit status
make[1]: *** [cmTC_2c6fb] Error 1
make[1]: Leaving directory `/home/lokalmatador/Work/ROS/squirrel_ws/src/squirrel_driver/squirrel_robot_driver/cmake-build-debug/CMakeFiles/CMakeTmp'
make: *** [cmTC_2c6fb/fast] Error 2


